2019/10/1 决定开始启动MarkDown制作计划

2019/10/2 开始项目筹划
	初步确定程序设计基本框架，确定由MdFile类管理单个MarkDown文件，由MdSystem类管理全局。
	UI界面的设计提出两个方案：以过程式程序设计的模式编写；使用MdCreator类管理。
	开始确定MdFile类框架，决定基本变量与基本接口。
	
2019/10/3 完善MdFile类
	实现添加、修改、保存文件、展示操作。
	开始编写编译（translation）接口，决定以拆解Token并解析的方式进行。
	初步开始实现Token拆解。
	
2019/10/4 完善translation接口
	完全实现Token的正确拆解，并考虑了尽可能多的特殊输入情况。
	基本实现translation接口，但是列表嵌套暂时没有实现。
	出现字符编码问题，为了兼容，将本程序的字符集编码统一改成了GBK（gb2312），使用原来的utf-8编码会出现html显示乱码。
	尝试测试运行生成的html文件，显示成功！ 

2019/10/5 - 2019/10/6 决定剩下任务的实现方式
	决定以MdSystem类处理全局，UI用过程式函数编写，main中创建MdSystem对象，MdSystem中在创建每一个MdFile对象。
	开始设计MdSystem框架。

2019/10/7 - 2019/10/8 完善MdSystem并设计UI
	完成了MdSystem类的定义
	完成了绝大部分的UI设计，可以运行。